mode: set
github.com/YanshuoH/youkonger/forms/event.go:24.51,25.17 1 1
github.com/YanshuoH/youkonger/forms/event.go:29.2,29.18 1 1
github.com/YanshuoH/youkonger/forms/event.go:37.2,37.12 1 1
github.com/YanshuoH/youkonger/forms/event.go:25.17,27.3 1 1
github.com/YanshuoH/youkonger/forms/event.go:29.18,31.17 2 1
github.com/YanshuoH/youkonger/forms/event.go:34.3,34.15 1 1
github.com/YanshuoH/youkonger/forms/event.go:31.17,33.4 1 1
github.com/YanshuoH/youkonger/forms/event.go:40.66,47.16 3 1
github.com/YanshuoH/youkonger/forms/event.go:51.2,51.21 1 1
github.com/YanshuoH/youkonger/forms/event.go:47.16,49.3 1 0
github.com/YanshuoH/youkonger/forms/event.go:54.66,62.45 2 1
github.com/YanshuoH/youkonger/forms/event.go:66.2,66.15 1 1
github.com/YanshuoH/youkonger/forms/event.go:62.45,64.3 1 0
github.com/YanshuoH/youkonger/forms/event.go:69.66,70.39 1 1
github.com/YanshuoH/youkonger/forms/event.go:74.2,78.46 4 1
github.com/YanshuoH/youkonger/forms/event.go:84.2,84.17 1 1
github.com/YanshuoH/youkonger/forms/event.go:89.2,89.50 1 1
github.com/YanshuoH/youkonger/forms/event.go:93.2,93.37 1 1
github.com/YanshuoH/youkonger/forms/event.go:105.2,105.16 1 1
github.com/YanshuoH/youkonger/forms/event.go:70.39,72.3 1 1
github.com/YanshuoH/youkonger/forms/event.go:78.46,80.3 1 1
github.com/YanshuoH/youkonger/forms/event.go:80.3,83.3 2 1
github.com/YanshuoH/youkonger/forms/event.go:84.17,86.3 1 0
github.com/YanshuoH/youkonger/forms/event.go:89.50,91.3 1 1
github.com/YanshuoH/youkonger/forms/event.go:93.37,98.18 4 1
github.com/YanshuoH/youkonger/forms/event.go:102.3,102.21 1 1
github.com/YanshuoH/youkonger/forms/event.go:98.18,100.4 1 1
github.com/YanshuoH/youkonger/forms/event_date.go:28.55,29.17 1 1
github.com/YanshuoH/youkonger/forms/event_date.go:33.2,33.22 1 1
github.com/YanshuoH/youkonger/forms/event_date.go:38.2,38.18 1 1
github.com/YanshuoH/youkonger/forms/event_date.go:47.2,47.20 1 1
github.com/YanshuoH/youkonger/forms/event_date.go:55.2,55.12 1 1
github.com/YanshuoH/youkonger/forms/event_date.go:29.17,31.3 1 0
github.com/YanshuoH/youkonger/forms/event_date.go:33.22,35.3 1 1
github.com/YanshuoH/youkonger/forms/event_date.go:38.18,40.17 2 0
github.com/YanshuoH/youkonger/forms/event_date.go:43.3,43.19 1 0
github.com/YanshuoH/youkonger/forms/event_date.go:40.17,42.4 1 0
github.com/YanshuoH/youkonger/forms/event_date.go:47.20,49.17 2 0
github.com/YanshuoH/youkonger/forms/event_date.go:52.3,52.14 1 0
github.com/YanshuoH/youkonger/forms/event_date.go:49.17,51.4 1 0
github.com/YanshuoH/youkonger/forms/event_date.go:58.74,63.47 2 1
github.com/YanshuoH/youkonger/forms/event_date.go:67.2,67.17 1 1
github.com/YanshuoH/youkonger/forms/event_date.go:63.47,65.3 1 0
github.com/YanshuoH/youkonger/forms/event_date.go:70.74,72.16 2 0
github.com/YanshuoH/youkonger/forms/event_date.go:75.2,75.25 1 0
github.com/YanshuoH/youkonger/forms/event_date.go:72.16,74.3 1 0
github.com/YanshuoH/youkonger/forms/event_date.go:78.74,79.39 1 1
github.com/YanshuoH/youkonger/forms/event_date.go:83.2,83.50 1 1
github.com/YanshuoH/youkonger/forms/event_date.go:87.2,87.19 1 1
github.com/YanshuoH/youkonger/forms/event_date.go:79.39,81.3 1 0
github.com/YanshuoH/youkonger/forms/event_date.go:83.50,85.3 1 0
github.com/YanshuoH/youkonger/forms/event_date.go:90.85,92.35 1 1
github.com/YanshuoH/youkonger/forms/event_date.go:95.2,95.30 1 1
github.com/YanshuoH/youkonger/forms/event_date.go:105.2,105.30 1 1
github.com/YanshuoH/youkonger/forms/event_date.go:113.2,113.17 1 1
github.com/YanshuoH/youkonger/forms/event_date.go:92.35,94.3 1 0
github.com/YanshuoH/youkonger/forms/event_date.go:95.30,100.41 3 1
github.com/YanshuoH/youkonger/forms/event_date.go:100.41,102.4 1 1
github.com/YanshuoH/youkonger/forms/event_date.go:105.30,107.18 2 1
github.com/YanshuoH/youkonger/forms/event_date.go:110.3,110.25 1 1
github.com/YanshuoH/youkonger/forms/event_date.go:107.18,109.4 1 0
github.com/YanshuoH/youkonger/forms/event_participant.go:25.62,26.17 1 0
github.com/YanshuoH/youkonger/forms/event_participant.go:30.2,30.18 1 0
github.com/YanshuoH/youkonger/forms/event_participant.go:38.2,39.16 2 0
github.com/YanshuoH/youkonger/forms/event_participant.go:42.2,44.12 2 0
github.com/YanshuoH/youkonger/forms/event_participant.go:26.17,28.3 1 0
github.com/YanshuoH/youkonger/forms/event_participant.go:30.18,32.17 2 0
github.com/YanshuoH/youkonger/forms/event_participant.go:35.3,35.26 1 0
github.com/YanshuoH/youkonger/forms/event_participant.go:32.17,34.4 1 0
github.com/YanshuoH/youkonger/forms/event_participant.go:39.16,41.3 1 0
github.com/YanshuoH/youkonger/forms/event_participant.go:47.88,52.46 2 0
github.com/YanshuoH/youkonger/forms/event_participant.go:56.2,56.16 1 0
github.com/YanshuoH/youkonger/forms/event_participant.go:52.46,54.3 1 0
github.com/YanshuoH/youkonger/forms/event_participant.go:59.88,61.16 2 0
github.com/YanshuoH/youkonger/forms/event_participant.go:64.2,64.32 1 0
github.com/YanshuoH/youkonger/forms/event_participant.go:61.16,63.3 1 0
github.com/YanshuoH/youkonger/forms/event_participant.go:67.88,68.39 1 0
github.com/YanshuoH/youkonger/forms/event_participant.go:72.2,72.57 1 0
github.com/YanshuoH/youkonger/forms/event_participant.go:76.2,76.19 1 0
github.com/YanshuoH/youkonger/forms/event_participant.go:68.39,70.3 1 0
github.com/YanshuoH/youkonger/forms/event_participant.go:72.57,74.3 1 0
